
--------------------------------------------------------------------------------
Using Python interpreter: /usr/bin/python
TS_START = 1181088000, TS_END = 1182470400
INTERVAL = 3600, PERIOD = 24 intervals
(ALPHA, BETA, GAMMA) = (0.200000, 0.200000, 0.200000)
--------------------------------------------------------------------------------

---------- Initialization: First training period ----------
Read time slot 1181088000    b0 -= y/W^2    Elapsed time = 2.45250296593
Read time slot 1181091600    b0 -= y/W^2    Elapsed time = 2.19425415993
Read time slot 1181095200    b0 -= y/W^2    Elapsed time = 2.29303407669
Read time slot 1181098800    b0 -= y/W^2    Elapsed time = 2.41662597656
Read time slot 1181102400    b0 -= y/W^2    Elapsed time = 2.15980815887
Read time slot 1181106000    b0 -= y/W^2    Elapsed time = 1.69192194939
Read time slot 1181109600    b0 -= y/W^2    Elapsed time = 1.61514592171
Read time slot 1181113200    b0 -= y/W^2    Elapsed time = 1.63889789581
Read time slot 1181116800    b0 -= y/W^2    Elapsed time = 1.85915493965
Read time slot 1181120400    b0 -= y/W^2    Elapsed time = 1.81830191612
Read time slot 1181124000    b0 -= y/W^2    Elapsed time = 1.6771709919
Read time slot 1181127600    b0 -= y/W^2    Elapsed time = 1.52492499352
Read time slot 1181131200    b0 -= y/W^2    Elapsed time = 1.54093813896
Read time slot 1181134800    b0 -= y/W^2    Elapsed time = 1.51907396317
Read time slot 1181138400    b0 -= y/W^2    Elapsed time = 1.59663510323
Read time slot 1181142000    b0 -= y/W^2    Elapsed time = 1.44435501099
Read time slot 1181145600    b0 -= y/W^2    Elapsed time = 1.22027087212
Read time slot 1181149200    b0 -= y/W^2    Elapsed time = 1.11902594566
Read time slot 1181152800    b0 -= y/W^2    Elapsed time = 1.28549313545
Read time slot 1181156400    b0 -= y/W^2    Elapsed time = 1.27900600433
Read time slot 1181160000    b0 -= y/W^2    Elapsed time = 1.70633196831
Read time slot 1181163600    b0 -= y/W^2    Elapsed time = 1.75970196724
Read time slot 1181167200    b0 -= y/W^2    Elapsed time = 1.91967105865
Read time slot 1181170800    b0 -= y/W^2    Elapsed time = 2.41147112846

---------- Initialization: Second training period ----------
Read time slot 1181174400    l0 += y/W    b0 += y/W^2    s0_list[1] += y    Elapsed time = 2.03842687607
Read time slot 1181178000    l0 += y/W    b0 += y/W^2    s0_list[2] += y    Elapsed time = 2.26349520683
Read time slot 1181181600    l0 += y/W    b0 += y/W^2    s0_list[3] += y    Elapsed time = 2.28074407578
Read time slot 1181185200    l0 += y/W    b0 += y/W^2    s0_list[4] += y    Elapsed time = 2.23860001564
Read time slot 1181188800    l0 += y/W    b0 += y/W^2    s0_list[5] += y    Elapsed time = 2.54325485229
Read time slot 1181192400    l0 += y/W    b0 += y/W^2    s0_list[6] += y    Elapsed time = 1.98343205452
Read time slot 1181196000    l0 += y/W    b0 += y/W^2    s0_list[7] += y    Elapsed time = 2.01363492012
Read time slot 1181199600    l0 += y/W    b0 += y/W^2    s0_list[8] += y    Elapsed time = 2.03394913673
Read time slot 1181203200    l0 += y/W    b0 += y/W^2    s0_list[9] += y    Elapsed time = 1.59645819664
Read time slot 1181206800    l0 += y/W    b0 += y/W^2    s0_list[10] += y    Elapsed time = 1.52040100098
Read time slot 1181210400    l0 += y/W    b0 += y/W^2    s0_list[11] += y    Elapsed time = 1.41757082939
Read time slot 1181214000    l0 += y/W    b0 += y/W^2    s0_list[12] += y    Elapsed time = 1.29355597496
Read time slot 1181217600    l0 += y/W    b0 += y/W^2    s0_list[13] += y    Elapsed time = 1.32370209694
Read time slot 1181221200    l0 += y/W    b0 += y/W^2    s0_list[14] += y    Elapsed time = 1.26683521271
Read time slot 1181224800    l0 += y/W    b0 += y/W^2    s0_list[15] += y    Elapsed time = 1.15075993538
Read time slot 1181228400    l0 += y/W    b0 += y/W^2    s0_list[16] += y    Elapsed time = 1.60297703743
Read time slot 1181232000    l0 += y/W    b0 += y/W^2    s0_list[17] += y    Elapsed time = 1.20867013931
Read time slot 1181235600    l0 += y/W    b0 += y/W^2    s0_list[18] += y    Elapsed time = 1.3642821312
Read time slot 1181239200    l0 += y/W    b0 += y/W^2    s0_list[19] += y    Elapsed time = 1.0489718914
Read time slot 1181242800    l0 += y/W    b0 += y/W^2    s0_list[20] += y    Elapsed time = 1.11078691483
Read time slot 1181246400    l0 += y/W    b0 += y/W^2    s0_list[21] += y    Elapsed time = 1.46218514442
Read time slot 1181250000    l0 += y/W    b0 += y/W^2    s0_list[22] += y    Elapsed time = 1.78610706329
Read time slot 1181253600    l0 += y/W    b0 += y/W^2    s0_list[23] += y    Elapsed time = 1.85611414909
Read time slot 1181257200    l0 += y/W    b0 += y/W^2    Elapsed time = 1.97640299797
s0_list[1] -= l0    Elapsed time = 2.00271606445e-05
s0_list[2] -= l0    Elapsed time = 1.31130218506e-05
s0_list[3] -= l0    Elapsed time = 1.31130218506e-05
s0_list[4] -= l0    Elapsed time = 1.21593475342e-05
s0_list[5] -= l0    Elapsed time = 1.19209289551e-05
s0_list[6] -= l0    Elapsed time = 1.19209289551e-05
s0_list[7] -= l0    Elapsed time = 1.21593475342e-05
s0_list[8] -= l0    Elapsed time = 1.21593475342e-05
s0_list[9] -= l0    Elapsed time = 1.19209289551e-05
s0_list[10] -= l0    Elapsed time = 1.19209289551e-05
s0_list[11] -= l0    Elapsed time = 1.28746032715e-05
s0_list[12] -= l0    Elapsed time = 1.31130218506e-05
s0_list[13] -= l0    Elapsed time = 1.31130218506e-05
s0_list[14] -= l0    Elapsed time = 1.21593475342e-05
s0_list[15] -= l0    Elapsed time = 1.19209289551e-05
s0_list[16] -= l0    Elapsed time = 1.09672546387e-05
s0_list[17] -= l0    Elapsed time = 1.21593475342e-05
s0_list[18] -= l0    Elapsed time = 1.19209289551e-05
s0_list[19] -= l0    Elapsed time = 1.28746032715e-05
s0_list[20] -= l0    Elapsed time = 1.19209289551e-05
s0_list[21] -= l0    Elapsed time = 1.21593475342e-05
s0_list[22] -= l0    Elapsed time = 1.12056732178e-05
s0_list[23] -= l0    Elapsed time = 1.09672546387e-05
(1, 4150)
(1, 4150)
(1, 4150)
(1, 4150)
(1, 4150)
(1, 4150)
(1, 4150)
(1, 4150)
(1, 4150)
(1, 4150)
(1, 4150)
(1, 4150)
(1, 4150)
(1, 4150)
(1, 4150)
(1, 4150)
(1, 4150)
(1, 4150)
(1, 4150)
(1, 4150)
(1, 4150)
(1, 4150)
(1, 4150)
(1, 4150)
(1, 4150)
(1, 4150)

--------- Form initial state vector and sample each element ----------
---------- End of initialization ----------

---------- Start of recursion ----------
Make transition matrix...
[[ 0.8         0.8        -0.2         0.          0.          0.          0.
   0.          0.          0.          0.          0.          0.          0.
   0.          0.          0.          0.          0.          0.          0.
   0.          0.          0.          0.        ]
 [-0.2         0.8        -0.2         0.          0.          0.          0.
   0.          0.          0.          0.          0.          0.          0.
   0.          0.          0.          0.          0.          0.          0.
   0.          0.          0.          0.        ]
 [ 0.00833333  0.00833333  0.00833333  1.          0.          0.          0.
   0.          0.          0.          0.          0.          0.          0.
   0.          0.          0.          0.          0.          0.          0.
   0.          0.          0.          0.        ]
 [ 0.00833333  0.00833333  0.00833333  0.          1.          0.          0.
   0.          0.          0.          0.          0.          0.          0.
   0.          0.          0.          0.          0.          0.          0.
   0.          0.          0.          0.        ]
 [ 0.00833333  0.00833333  0.00833333  0.          0.          1.          0.
   0.          0.          0.          0.          0.          0.          0.
   0.          0.          0.          0.          0.          0.          0.
   0.          0.          0.          0.        ]
 [ 0.00833333  0.00833333  0.00833333  0.          0.          0.          1.
   0.          0.          0.          0.          0.          0.          0.
   0.          0.          0.          0.          0.          0.          0.
   0.          0.          0.          0.        ]
 [ 0.00833333  0.00833333  0.00833333  0.          0.          0.          0.
   1.          0.          0.          0.          0.          0.          0.
   0.          0.          0.          0.          0.          0.          0.
   0.          0.          0.          0.        ]
 [ 0.00833333  0.00833333  0.00833333  0.          0.          0.          0.
   0.          1.          0.          0.          0.          0.          0.
   0.          0.          0.          0.          0.          0.          0.
   0.          0.          0.          0.        ]
 [ 0.00833333  0.00833333  0.00833333  0.          0.          0.          0.
   0.          0.          1.          0.          0.          0.          0.
   0.          0.          0.          0.          0.          0.          0.
   0.          0.          0.          0.        ]
 [ 0.00833333  0.00833333  0.00833333  0.          0.          0.          0.
   0.          0.          0.          1.          0.          0.          0.
   0.          0.          0.          0.          0.          0.          0.
   0.          0.          0.          0.        ]
 [ 0.00833333  0.00833333  0.00833333  0.          0.          0.          0.
   0.          0.          0.          0.          1.          0.          0.
   0.          0.          0.          0.          0.          0.          0.
   0.          0.          0.          0.        ]
 [ 0.00833333  0.00833333  0.00833333  0.          0.          0.          0.
   0.          0.          0.          0.          0.          1.          0.
   0.          0.          0.          0.          0.          0.          0.
   0.          0.          0.          0.        ]
 [ 0.00833333  0.00833333  0.00833333  0.          0.          0.          0.
   0.          0.          0.          0.          0.          0.          1.
   0.          0.          0.          0.          0.          0.          0.
   0.          0.          0.          0.        ]
 [ 0.00833333  0.00833333  0.00833333  0.          0.          0.          0.
   0.          0.          0.          0.          0.          0.          0.
   1.          0.          0.          0.          0.          0.          0.
   0.          0.          0.          0.        ]
 [ 0.00833333  0.00833333  0.00833333  0.          0.          0.          0.
   0.          0.          0.          0.          0.          0.          0.
   0.          1.          0.          0.          0.          0.          0.
   0.          0.          0.          0.        ]
 [ 0.00833333  0.00833333  0.00833333  0.          0.          0.          0.
   0.          0.          0.          0.          0.          0.          0.
   0.          0.          1.          0.          0.          0.          0.
   0.          0.          0.          0.        ]
 [ 0.00833333  0.00833333  0.00833333  0.          0.          0.          0.
   0.          0.          0.          0.          0.          0.          0.
   0.          0.          0.          1.          0.          0.          0.
   0.          0.          0.          0.        ]
 [ 0.00833333  0.00833333  0.00833333  0.          0.          0.          0.
   0.          0.          0.          0.          0.          0.          0.
   0.          0.          0.          0.          1.          0.          0.
   0.          0.          0.          0.        ]
 [ 0.00833333  0.00833333  0.00833333  0.          0.          0.          0.
   0.          0.          0.          0.          0.          0.          0.
   0.          0.          0.          0.          0.          1.          0.
   0.          0.          0.          0.        ]
 [ 0.00833333  0.00833333  0.00833333  0.          0.          0.          0.
   0.          0.          0.          0.          0.          0.          0.
   0.          0.          0.          0.          0.          0.          1.
   0.          0.          0.          0.        ]
 [ 0.00833333  0.00833333  0.00833333  0.          0.          0.          0.
   0.          0.          0.          0.          0.          0.          0.
   0.          0.          0.          0.          0.          0.          0.
   1.          0.          0.          0.        ]
 [ 0.00833333  0.00833333  0.00833333  0.          0.          0.          0.
   0.          0.          0.          0.          0.          0.          0.
   0.          0.          0.          0.          0.          0.          0.
   0.          1.          0.          0.        ]
 [ 0.00833333  0.00833333  0.00833333  0.          0.          0.          0.
   0.          0.          0.          0.          0.          0.          0.
   0.          0.          0.          0.          0.          0.          0.
   0.          0.          1.          0.        ]
 [ 0.00833333  0.00833333  0.00833333  0.          0.          0.          0.
   0.          0.          0.          0.          0.          0.          0.
   0.          0.          0.          0.          0.          0.          0.
   0.          0.          0.          1.        ]
 [ 0.00833333  0.00833333 -0.99166667 -1.         -1.         -1.         -1.
  -1.         -1.         -1.         -1.         -1.         -1.         -1.
  -1.         -1.         -1.         -1.         -1.         -1.         -1.
  -1.         -1.         -1.         -1.        ]]
Make U-vector...
[[ 0.2       ]
 [ 0.2       ]
 [-0.00833333]
 [-0.00833333]
 [-0.00833333]
 [-0.00833333]
 [-0.00833333]
 [-0.00833333]
 [-0.00833333]
 [-0.00833333]
 [-0.00833333]
 [-0.00833333]
 [-0.00833333]
 [-0.00833333]
 [-0.00833333]
 [-0.00833333]
 [-0.00833333]
 [-0.00833333]
 [-0.00833333]
 [-0.00833333]
 [-0.00833333]
 [-0.00833333]
 [-0.00833333]
 [-0.00833333]
 [-0.00833333]]

## Iteration of time 1181260800 ##
Making 1-step forecast. Time stamp = 1181260800. Elapsed time = 0.023866
Read time slot 1181260800, size = 1
Transition of x_vec...

## Iteration of time 1181264400 ##
Making 1-step forecast. Time stamp = 1181264400. Elapsed time = 2.192671
Read time slot 1181264400, size = 1
Transition of x_vec...

## Iteration of time 1181268000 ##
Making 1-step forecast. Time stamp = 1181268000. Elapsed time = 4.261114
Read time slot 1181268000, size = 1
Transition of x_vec...

## Iteration of time 1181271600 ##
Making 1-step forecast. Time stamp = 1181271600. Elapsed time = 6.456435
Read time slot 1181271600, size = 1
Transition of x_vec...

## Iteration of time 1181275200 ##
Making 1-step forecast. Time stamp = 1181275200. Elapsed time = 8.417198
Read time slot 1181275200, size = 1
Transition of x_vec...

## Iteration of time 1181278800 ##
Making 1-step forecast. Time stamp = 1181278800. Elapsed time = 10.298789
Read time slot 1181278800, size = 1
Transition of x_vec...

## Iteration of time 1181282400 ##
Making 1-step forecast. Time stamp = 1181282400. Elapsed time = 11.806212
Read time slot 1181282400, size = 1
Transition of x_vec...

## Iteration of time 1181286000 ##
Making 1-step forecast. Time stamp = 1181286000. Elapsed time = 13.316575
Read time slot 1181286000, size = 1
Transition of x_vec...

## Iteration of time 1181289600 ##
Making 1-step forecast. Time stamp = 1181289600. Elapsed time = 14.944554
Read time slot 1181289600, size = 1
Transition of x_vec...

## Iteration of time 1181293200 ##
Making 1-step forecast. Time stamp = 1181293200. Elapsed time = 16.479844
Read time slot 1181293200, size = 1
Transition of x_vec...

## Iteration of time 1181296800 ##
Making 1-step forecast. Time stamp = 1181296800. Elapsed time = 18.058123
Read time slot 1181296800, size = 1
Transition of x_vec...

## Iteration of time 1181300400 ##
Making 1-step forecast. Time stamp = 1181300400. Elapsed time = 19.493508
Read time slot 1181300400, size = 1
Transition of x_vec...

## Iteration of time 1181304000 ##
Making 1-step forecast. Time stamp = 1181304000. Elapsed time = 20.865563
Read time slot 1181304000, size = 1
Transition of x_vec...

## Iteration of time 1181307600 ##
Making 1-step forecast. Time stamp = 1181307600. Elapsed time = 22.270977
Read time slot 1181307600, size = 1
Transition of x_vec...

## Iteration of time 1181311200 ##
Making 1-step forecast. Time stamp = 1181311200. Elapsed time = 23.482395
Read time slot 1181311200, size = 1
Transition of x_vec...

## Iteration of time 1181314800 ##
Making 1-step forecast. Time stamp = 1181314800. Elapsed time = 24.665639
Read time slot 1181314800, size = 1
Transition of x_vec...

## Iteration of time 1181318400 ##
Making 1-step forecast. Time stamp = 1181318400. Elapsed time = 25.850598
Read time slot 1181318400, size = 1
Transition of x_vec...

## Iteration of time 1181322000 ##
Making 1-step forecast. Time stamp = 1181322000. Elapsed time = 26.983938
Read time slot 1181322000, size = 1
Transition of x_vec...

## Iteration of time 1181325600 ##
Making 1-step forecast. Time stamp = 1181325600. Elapsed time = 28.119440
Read time slot 1181325600, size = 1
Transition of x_vec...

## Iteration of time 1181329200 ##
Making 1-step forecast. Time stamp = 1181329200. Elapsed time = 29.270359
Read time slot 1181329200, size = 1
Transition of x_vec...

## Iteration of time 1181332800 ##
Making 1-step forecast. Time stamp = 1181332800. Elapsed time = 30.445940
Read time slot 1181332800, size = 1
Transition of x_vec...

## Iteration of time 1181336400 ##
Making 1-step forecast. Time stamp = 1181336400. Elapsed time = 31.562312
Read time slot 1181336400, size = 1
Transition of x_vec...

## Iteration of time 1181340000 ##
Making 1-step forecast. Time stamp = 1181340000. Elapsed time = 32.764794
Read time slot 1181340000, size = 1
Transition of x_vec...

## Iteration of time 1181343600 ##
Making 1-step forecast. Time stamp = 1181343600. Elapsed time = 34.202655
Read time slot 1181343600, size = 1
Transition of x_vec...

## Iteration of time 1181347200 ##
Making 1-step forecast. Time stamp = 1181347200. Elapsed time = 35.758489
Read time slot 1181347200, size = 1
Transition of x_vec...

## Iteration of time 1181350800 ##
Making 1-step forecast. Time stamp = 1181350800. Elapsed time = 37.201936
Read time slot 1181350800, size = 1
Transition of x_vec...

## Iteration of time 1181354400 ##
Making 1-step forecast. Time stamp = 1181354400. Elapsed time = 38.685069
Read time slot 1181354400, size = 1
Transition of x_vec...

## Iteration of time 1181358000 ##
Making 1-step forecast. Time stamp = 1181358000. Elapsed time = 40.276792
Read time slot 1181358000, size = 1
Transition of x_vec...

## Iteration of time 1181361600 ##
Making 1-step forecast. Time stamp = 1181361600. Elapsed time = 41.663154
Read time slot 1181361600, size = 1
Transition of x_vec...

## Iteration of time 1181365200 ##
Making 1-step forecast. Time stamp = 1181365200. Elapsed time = 43.165791
Read time slot 1181365200, size = 1
Transition of x_vec...

## Iteration of time 1181368800 ##
Making 1-step forecast. Time stamp = 1181368800. Elapsed time = 44.355691
Read time slot 1181368800, size = 1
Transition of x_vec...

## Iteration of time 1181372400 ##
Making 1-step forecast. Time stamp = 1181372400. Elapsed time = 45.600350
Read time slot 1181372400, size = 1
Transition of x_vec...

## Iteration of time 1181376000 ##
Making 1-step forecast. Time stamp = 1181376000. Elapsed time = 46.992195
Read time slot 1181376000, size = 1
Transition of x_vec...

## Iteration of time 1181379600 ##
Making 1-step forecast. Time stamp = 1181379600. Elapsed time = 48.280380
Read time slot 1181379600, size = 1
Transition of x_vec...

## Iteration of time 1181383200 ##
Making 1-step forecast. Time stamp = 1181383200. Elapsed time = 49.676470
Read time slot 1181383200, size = 1
Transition of x_vec...

## Iteration of time 1181386800 ##
Making 1-step forecast. Time stamp = 1181386800. Elapsed time = 50.875253
Read time slot 1181386800, size = 1
Transition of x_vec...

## Iteration of time 1181390400 ##
Making 1-step forecast. Time stamp = 1181390400. Elapsed time = 52.344112
Read time slot 1181390400, size = 1
Transition of x_vec...

## Iteration of time 1181394000 ##
Making 1-step forecast. Time stamp = 1181394000. Elapsed time = 53.419574
Read time slot 1181394000, size = 1
Transition of x_vec...

## Iteration of time 1181397600 ##
Making 1-step forecast. Time stamp = 1181397600. Elapsed time = 54.450124
Read time slot 1181397600, size = 1
Transition of x_vec...

## Iteration of time 1181401200 ##
Making 1-step forecast. Time stamp = 1181401200. Elapsed time = 55.331088
Read time slot 1181401200, size = 1
Transition of x_vec...

## Iteration of time 1181404800 ##
Making 1-step forecast. Time stamp = 1181404800. Elapsed time = 56.237491
Read time slot 1181404800, size = 1
Transition of x_vec...

## Iteration of time 1181408400 ##
Making 1-step forecast. Time stamp = 1181408400. Elapsed time = 57.230162
Read time slot 1181408400, size = 1
Transition of x_vec...

## Iteration of time 1181412000 ##
Making 1-step forecast. Time stamp = 1181412000. Elapsed time = 58.097126
Read time slot 1181412000, size = 1
Transition of x_vec...

## Iteration of time 1181415600 ##
Making 1-step forecast. Time stamp = 1181415600. Elapsed time = 58.889291
Read time slot 1181415600, size = 1
Transition of x_vec...

## Iteration of time 1181419200 ##
Making 1-step forecast. Time stamp = 1181419200. Elapsed time = 59.735717
Read time slot 1181419200, size = 1
Transition of x_vec...

## Iteration of time 1181422800 ##
Making 1-step forecast. Time stamp = 1181422800. Elapsed time = 60.619611
Read time slot 1181422800, size = 1
Transition of x_vec...

## Iteration of time 1181426400 ##
Making 1-step forecast. Time stamp = 1181426400. Elapsed time = 61.770156
Read time slot 1181426400, size = 1
Transition of x_vec...

## Iteration of time 1181430000 ##
Making 1-step forecast. Time stamp = 1181430000. Elapsed time = 62.915726
Read time slot 1181430000, size = 1
Transition of x_vec...

## Iteration of time 1181433600 ##
Making 1-step forecast. Time stamp = 1181433600. Elapsed time = 63.991004
Read time slot 1181433600, size = 1
Transition of x_vec...

## Iteration of time 1181437200 ##
Making 1-step forecast. Time stamp = 1181437200. Elapsed time = 65.196524
Read time slot 1181437200, size = 1
Transition of x_vec...

## Iteration of time 1181440800 ##
Making 1-step forecast. Time stamp = 1181440800. Elapsed time = 66.432041
Read time slot 1181440800, size = 1
Transition of x_vec...

## Iteration of time 1181444400 ##
Making 1-step forecast. Time stamp = 1181444400. Elapsed time = 67.567589
Read time slot 1181444400, size = 1
Transition of x_vec...

## Iteration of time 1181448000 ##
Making 1-step forecast. Time stamp = 1181448000. Elapsed time = 68.758117
Read time slot 1181448000, size = 1
Transition of x_vec...

## Iteration of time 1181451600 ##
Making 1-step forecast. Time stamp = 1181451600. Elapsed time = 69.863099
Read time slot 1181451600, size = 1
Transition of x_vec...

## Iteration of time 1181455200 ##
Making 1-step forecast. Time stamp = 1181455200. Elapsed time = 70.953995
Read time slot 1181455200, size = 1
Transition of x_vec...

## Iteration of time 1181458800 ##
Making 1-step forecast. Time stamp = 1181458800. Elapsed time = 72.099602
Read time slot 1181458800, size = 1
Transition of x_vec...

## Iteration of time 1181462400 ##
Making 1-step forecast. Time stamp = 1181462400. Elapsed time = 73.148238
Read time slot 1181462400, size = 1
Transition of x_vec...

## Iteration of time 1181466000 ##
Making 1-step forecast. Time stamp = 1181466000. Elapsed time = 74.268466
Read time slot 1181466000, size = 1
Transition of x_vec...

## Iteration of time 1181469600 ##
Making 1-step forecast. Time stamp = 1181469600. Elapsed time = 75.389313
Read time slot 1181469600, size = 1
Transition of x_vec...

## Iteration of time 1181473200 ##
Making 1-step forecast. Time stamp = 1181473200. Elapsed time = 76.518969
Read time slot 1181473200, size = 1
Transition of x_vec...

## Iteration of time 1181476800 ##
Making 1-step forecast. Time stamp = 1181476800. Elapsed time = 77.997938
Read time slot 1181476800, size = 1
Transition of x_vec...

## Iteration of time 1181480400 ##
Making 1-step forecast. Time stamp = 1181480400. Elapsed time = 78.961643
Read time slot 1181480400, size = 1
Transition of x_vec...

## Iteration of time 1181484000 ##
Making 1-step forecast. Time stamp = 1181484000. Elapsed time = 80.515146
Read time slot 1181484000, size = 1
Transition of x_vec...

## Iteration of time 1181487600 ##
Making 1-step forecast. Time stamp = 1181487600. Elapsed time = 81.889127
Read time slot 1181487600, size = 1
Transition of x_vec...

## Iteration of time 1181491200 ##
Making 1-step forecast. Time stamp = 1181491200. Elapsed time = 82.679549
Read time slot 1181491200, size = 1
Transition of x_vec...

## Iteration of time 1181494800 ##
Making 1-step forecast. Time stamp = 1181494800. Elapsed time = 83.475930
Read time slot 1181494800, size = 1
Transition of x_vec...

## Iteration of time 1181498400 ##
Making 1-step forecast. Time stamp = 1181498400. Elapsed time = 84.294716
Read time slot 1181498400, size = 1
Transition of x_vec...

## Iteration of time 1181502000 ##
Making 1-step forecast. Time stamp = 1181502000. Elapsed time = 85.169820
Read time slot 1181502000, size = 1
Transition of x_vec...

## Iteration of time 1181505600 ##
Making 1-step forecast. Time stamp = 1181505600. Elapsed time = 86.333502
Read time slot 1181505600, size = 1
Transition of x_vec...

## Iteration of time 1181509200 ##
Making 1-step forecast. Time stamp = 1181509200. Elapsed time = 87.728222
Read time slot 1181509200, size = 1
Transition of x_vec...

## Iteration of time 1181512800 ##
Making 1-step forecast. Time stamp = 1181512800. Elapsed time = 89.304376
Read time slot 1181512800, size = 1
Transition of x_vec...

## Iteration of time 1181516400 ##
Making 1-step forecast. Time stamp = 1181516400. Elapsed time = 90.977692
Read time slot 1181516400, size = 1
Transition of x_vec...

## Iteration of time 1181520000 ##
Making 1-step forecast. Time stamp = 1181520000. Elapsed time = 92.834872
Read time slot 1181520000, size = 1
Transition of x_vec...

## Iteration of time 1181523600 ##
Making 1-step forecast. Time stamp = 1181523600. Elapsed time = 95.174087
Read time slot 1181523600, size = 1
Transition of x_vec...

## Iteration of time 1181527200 ##
Making 1-step forecast. Time stamp = 1181527200. Elapsed time = 97.394818
Read time slot 1181527200, size = 1
Transition of x_vec...

## Iteration of time 1181530800 ##
Making 1-step forecast. Time stamp = 1181530800. Elapsed time = 99.461971
Read time slot 1181530800, size = 1
Transition of x_vec...

## Iteration of time 1181534400 ##
Making 1-step forecast. Time stamp = 1181534400. Elapsed time = 101.156684
Read time slot 1181534400, size = 1
Transition of x_vec...

## Iteration of time 1181538000 ##
Making 1-step forecast. Time stamp = 1181538000. Elapsed time = 102.846119
Read time slot 1181538000, size = 1
Transition of x_vec...

## Iteration of time 1181541600 ##
Making 1-step forecast. Time stamp = 1181541600. Elapsed time = 104.262446
Read time slot 1181541600, size = 1
Transition of x_vec...

## Iteration of time 1181545200 ##
Making 1-step forecast. Time stamp = 1181545200. Elapsed time = 105.554873
Read time slot 1181545200, size = 1
Transition of x_vec...

## Iteration of time 1181548800 ##
Making 1-step forecast. Time stamp = 1181548800. Elapsed time = 106.870863
Read time slot 1181548800, size = 1
Transition of x_vec...

## Iteration of time 1181552400 ##
Making 1-step forecast. Time stamp = 1181552400. Elapsed time = 108.362526
Read time slot 1181552400, size = 1
Transition of x_vec...

## Iteration of time 1181556000 ##
Making 1-step forecast. Time stamp = 1181556000. Elapsed time = 109.714707
Read time slot 1181556000, size = 1
Transition of x_vec...

## Iteration of time 1181559600 ##
Making 1-step forecast. Time stamp = 1181559600. Elapsed time = 110.985450
Read time slot 1181559600, size = 1
Transition of x_vec...

## Iteration of time 1181563200 ##
Making 1-step forecast. Time stamp = 1181563200. Elapsed time = 112.143844
Read time slot 1181563200, size = 1
Transition of x_vec...

## Iteration of time 1181566800 ##
Making 1-step forecast. Time stamp = 1181566800. Elapsed time = 113.267896
Read time slot 1181566800, size = 1
Transition of x_vec...

## Iteration of time 1181570400 ##
Making 1-step forecast. Time stamp = 1181570400. Elapsed time = 114.540821
Read time slot 1181570400, size = 1
Transition of x_vec...

## Iteration of time 1181574000 ##
Making 1-step forecast. Time stamp = 1181574000. Elapsed time = 115.445637
Read time slot 1181574000, size = 1
Transition of x_vec...

## Iteration of time 1181577600 ##
Making 1-step forecast. Time stamp = 1181577600. Elapsed time = 116.339692
Read time slot 1181577600, size = 1
Transition of x_vec...

## Iteration of time 1181581200 ##
Making 1-step forecast. Time stamp = 1181581200. Elapsed time = 117.308264
Read time slot 1181581200, size = 1
Transition of x_vec...

## Iteration of time 1181584800 ##
Making 1-step forecast. Time stamp = 1181584800. Elapsed time = 118.284410
Read time slot 1181584800, size = 1
Transition of x_vec...

## Iteration of time 1181588400 ##
Making 1-step forecast. Time stamp = 1181588400. Elapsed time = 119.348970
Read time slot 1181588400, size = 1
Transition of x_vec...

## Iteration of time 1181592000 ##
Making 1-step forecast. Time stamp = 1181592000. Elapsed time = 120.391020
Read time slot 1181592000, size = 1
Transition of x_vec...

## Iteration of time 1181595600 ##
Making 1-step forecast. Time stamp = 1181595600. Elapsed time = 121.729421
Read time slot 1181595600, size = 1
Transition of x_vec...

## Iteration of time 1181599200 ##
Making 1-step forecast. Time stamp = 1181599200. Elapsed time = 123.352588
Read time slot 1181599200, size = 1
Transition of x_vec...

## Iteration of time 1181602800 ##
Making 1-step forecast. Time stamp = 1181602800. Elapsed time = 125.093808
Read time slot 1181602800, size = 1
Transition of x_vec...

## Iteration of time 1181606400 ##
Making 1-step forecast. Time stamp = 1181606400. Elapsed time = 126.877019
Read time slot 1181606400, size = 1
Transition of x_vec...

## Iteration of time 1181610000 ##
Making 1-step forecast. Time stamp = 1181610000. Elapsed time = 128.734528
Read time slot 1181610000, size = 1
Transition of x_vec...

## Iteration of time 1181613600 ##
Making 1-step forecast. Time stamp = 1181613600. Elapsed time = 130.785717
Read time slot 1181613600, size = 1
Transition of x_vec...

## Iteration of time 1181617200 ##
Making 1-step forecast. Time stamp = 1181617200. Elapsed time = 132.689131
Read time slot 1181617200, size = 1
Transition of x_vec...

## Iteration of time 1181620800 ##
Making 1-step forecast. Time stamp = 1181620800. Elapsed time = 134.899328
Read time slot 1181620800, size = 1
Transition of x_vec...

## Iteration of time 1181624400 ##
Making 1-step forecast. Time stamp = 1181624400. Elapsed time = 136.955159
Read time slot 1181624400, size = 1
Transition of x_vec...

## Iteration of time 1181628000 ##
Making 1-step forecast. Time stamp = 1181628000. Elapsed time = 138.201543
Read time slot 1181628000, size = 1
Transition of x_vec...

## Iteration of time 1181631600 ##
Making 1-step forecast. Time stamp = 1181631600. Elapsed time = 139.867385
Read time slot 1181631600, size = 1
Transition of x_vec...

## Iteration of time 1181635200 ##
Making 1-step forecast. Time stamp = 1181635200. Elapsed time = 141.867378
Read time slot 1181635200, size = 1
Transition of x_vec...

## Iteration of time 1181638800 ##
Making 1-step forecast. Time stamp = 1181638800. Elapsed time = 143.547650
Read time slot 1181638800, size = 1
Transition of x_vec...

## Iteration of time 1181642400 ##
Making 1-step forecast. Time stamp = 1181642400. Elapsed time = 144.887341
Read time slot 1181642400, size = 1
Transition of x_vec...

## Iteration of time 1181646000 ##
Making 1-step forecast. Time stamp = 1181646000. Elapsed time = 146.117928
Read time slot 1181646000, size = 1
Transition of x_vec...

## Iteration of time 1181649600 ##
Making 1-step forecast. Time stamp = 1181649600. Elapsed time = 147.351205
Read time slot 1181649600, size = 1
Transition of x_vec...

## Iteration of time 1181653200 ##
Making 1-step forecast. Time stamp = 1181653200. Elapsed time = 148.519729
Read time slot 1181653200, size = 1
Transition of x_vec...

## Iteration of time 1181656800 ##
Making 1-step forecast. Time stamp = 1181656800. Elapsed time = 149.602496
Read time slot 1181656800, size = 1
Transition of x_vec...

## Iteration of time 1181660400 ##
Making 1-step forecast. Time stamp = 1181660400. Elapsed time = 150.645653
Read time slot 1181660400, size = 1
Transition of x_vec...

## Iteration of time 1181664000 ##
Making 1-step forecast. Time stamp = 1181664000. Elapsed time = 151.681338
Read time slot 1181664000, size = 1
Transition of x_vec...

## Iteration of time 1181667600 ##
Making 1-step forecast. Time stamp = 1181667600. Elapsed time = 152.550637
Read time slot 1181667600, size = 1
Transition of x_vec...

## Iteration of time 1181671200 ##
Making 1-step forecast. Time stamp = 1181671200. Elapsed time = 153.399175
Read time slot 1181671200, size = 1
Transition of x_vec...

## Iteration of time 1181674800 ##
Making 1-step forecast. Time stamp = 1181674800. Elapsed time = 154.255102
Read time slot 1181674800, size = 1
Transition of x_vec...

## Iteration of time 1181678400 ##
Making 1-step forecast. Time stamp = 1181678400. Elapsed time = 155.269307
Read time slot 1181678400, size = 1
Transition of x_vec...

## Iteration of time 1181682000 ##
Making 1-step forecast. Time stamp = 1181682000. Elapsed time = 156.459626
Read time slot 1181682000, size = 1
Transition of x_vec...

## Iteration of time 1181685600 ##
Making 1-step forecast. Time stamp = 1181685600. Elapsed time = 157.909383
Read time slot 1181685600, size = 1
Transition of x_vec...

## Iteration of time 1181689200 ##
Making 1-step forecast. Time stamp = 1181689200. Elapsed time = 159.410320
Read time slot 1181689200, size = 1
Transition of x_vec...

## Iteration of time 1181692800 ##
Making 1-step forecast. Time stamp = 1181692800. Elapsed time = 161.018291
Read time slot 1181692800, size = 1
Transition of x_vec...

## Iteration of time 1181696400 ##
Making 1-step forecast. Time stamp = 1181696400. Elapsed time = 162.699754
Read time slot 1181696400, size = 1
Transition of x_vec...

## Iteration of time 1181700000 ##
Making 1-step forecast. Time stamp = 1181700000. Elapsed time = 164.413696
Read time slot 1181700000, size = 1
Transition of x_vec...

## Iteration of time 1181703600 ##
Making 1-step forecast. Time stamp = 1181703600. Elapsed time = 166.032986
Read time slot 1181703600, size = 1
Transition of x_vec...

## Iteration of time 1181707200 ##
Making 1-step forecast. Time stamp = 1181707200. Elapsed time = 167.668414
Read time slot 1181707200, size = 1
Transition of x_vec...

## Iteration of time 1181710800 ##
Making 1-step forecast. Time stamp = 1181710800. Elapsed time = 169.308125
Read time slot 1181710800, size = 1
Transition of x_vec...

## Iteration of time 1181714400 ##
Making 1-step forecast. Time stamp = 1181714400. Elapsed time = 170.661875
Read time slot 1181714400, size = 1
Transition of x_vec...

## Iteration of time 1181718000 ##
Making 1-step forecast. Time stamp = 1181718000. Elapsed time = 172.017876
Read time slot 1181718000, size = 1
Transition of x_vec...

## Iteration of time 1181721600 ##
Making 1-step forecast. Time stamp = 1181721600. Elapsed time = 173.265143
Read time slot 1181721600, size = 1
Transition of x_vec...

## Iteration of time 1181725200 ##
Making 1-step forecast. Time stamp = 1181725200. Elapsed time = 175.093911
Read time slot 1181725200, size = 1
Transition of x_vec...

## Iteration of time 1181728800 ##
Making 1-step forecast. Time stamp = 1181728800. Elapsed time = 176.819107
Read time slot 1181728800, size = 1
Transition of x_vec...

## Iteration of time 1181732400 ##
Making 1-step forecast. Time stamp = 1181732400. Elapsed time = 178.001249
Read time slot 1181732400, size = 1
Transition of x_vec...

## Iteration of time 1181736000 ##
Making 1-step forecast. Time stamp = 1181736000. Elapsed time = 179.024609
Read time slot 1181736000, size = 1
Transition of x_vec...

## Iteration of time 1181739600 ##
Making 1-step forecast. Time stamp = 1181739600. Elapsed time = 179.937002
Read time slot 1181739600, size = 1
Transition of x_vec...

## Iteration of time 1181743200 ##
Making 1-step forecast. Time stamp = 1181743200. Elapsed time = 180.935990
Read time slot 1181743200, size = 1
Transition of x_vec...

## Iteration of time 1181746800 ##
Making 1-step forecast. Time stamp = 1181746800. Elapsed time = 181.922376
Read time slot 1181746800, size = 1
Transition of x_vec...

## Iteration of time 1181750400 ##
Making 1-step forecast. Time stamp = 1181750400. Elapsed time = 182.984750
Read time slot 1181750400, size = 1
Transition of x_vec...

## Iteration of time 1181754000 ##
Making 1-step forecast. Time stamp = 1181754000. Elapsed time = 183.802746
Read time slot 1181754000, size = 1
Transition of x_vec...

## Iteration of time 1181757600 ##
Making 1-step forecast. Time stamp = 1181757600. Elapsed time = 184.571894
Read time slot 1181757600, size = 1
Transition of x_vec...

## Iteration of time 1181761200 ##
Making 1-step forecast. Time stamp = 1181761200. Elapsed time = 185.394364
Read time slot 1181761200, size = 1
Transition of x_vec...

## Iteration of time 1181764800 ##
Making 1-step forecast. Time stamp = 1181764800. Elapsed time = 186.383917
Read time slot 1181764800, size = 1
Transition of x_vec...

## Iteration of time 1181768400 ##
Making 1-step forecast. Time stamp = 1181768400. Elapsed time = 187.576036
Read time slot 1181768400, size = 1
Transition of x_vec...

## Iteration of time 1181772000 ##
Making 1-step forecast. Time stamp = 1181772000. Elapsed time = 189.057146
Read time slot 1181772000, size = 1
Transition of x_vec...

## Iteration of time 1181775600 ##
Making 1-step forecast. Time stamp = 1181775600. Elapsed time = 190.515917
Read time slot 1181775600, size = 1
Transition of x_vec...

## Iteration of time 1181779200 ##
Making 1-step forecast. Time stamp = 1181779200. Elapsed time = 192.145989
Read time slot 1181779200, size = 1
Transition of x_vec...

## Iteration of time 1181782800 ##
Making 1-step forecast. Time stamp = 1181782800. Elapsed time = 193.825662
Read time slot 1181782800, size = 1
Transition of x_vec...

## Iteration of time 1181786400 ##
Making 1-step forecast. Time stamp = 1181786400. Elapsed time = 195.682315
Read time slot 1181786400, size = 1
Transition of x_vec...

## Iteration of time 1181790000 ##
Making 1-step forecast. Time stamp = 1181790000. Elapsed time = 197.439322
Read time slot 1181790000, size = 1
Transition of x_vec...

## Iteration of time 1181793600 ##
Making 1-step forecast. Time stamp = 1181793600. Elapsed time = 199.115772
Read time slot 1181793600, size = 1
Transition of x_vec...

## Iteration of time 1181797200 ##
Making 1-step forecast. Time stamp = 1181797200. Elapsed time = 200.667058
Read time slot 1181797200, size = 1
Transition of x_vec...

## Iteration of time 1181800800 ##
Making 1-step forecast. Time stamp = 1181800800. Elapsed time = 202.017702
Read time slot 1181800800, size = 1
Transition of x_vec...

## Iteration of time 1181804400 ##
Making 1-step forecast. Time stamp = 1181804400. Elapsed time = 203.354312
Read time slot 1181804400, size = 1
Transition of x_vec...

## Iteration of time 1181808000 ##
Making 1-step forecast. Time stamp = 1181808000. Elapsed time = 204.772321
Read time slot 1181808000, size = 1
Transition of x_vec...

## Iteration of time 1181811600 ##
Making 1-step forecast. Time stamp = 1181811600. Elapsed time = 206.144753
Read time slot 1181811600, size = 1
Transition of x_vec...

## Iteration of time 1181815200 ##
Making 1-step forecast. Time stamp = 1181815200. Elapsed time = 207.451819
Read time slot 1181815200, size = 1
Transition of x_vec...

## Iteration of time 1181818800 ##
Making 1-step forecast. Time stamp = 1181818800. Elapsed time = 208.715486
Read time slot 1181818800, size = 1
Transition of x_vec...

## Iteration of time 1181822400 ##
Making 1-step forecast. Time stamp = 1181822400. Elapsed time = 209.928619
Read time slot 1181822400, size = 1
Transition of x_vec...

## Iteration of time 1181826000 ##
Making 1-step forecast. Time stamp = 1181826000. Elapsed time = 211.426620
Read time slot 1181826000, size = 1
Transition of x_vec...

## Iteration of time 1181829600 ##
Making 1-step forecast. Time stamp = 1181829600. Elapsed time = 212.723063
Read time slot 1181829600, size = 1
Transition of x_vec...

## Iteration of time 1181833200 ##
Making 1-step forecast. Time stamp = 1181833200. Elapsed time = 214.124207
Read time slot 1181833200, size = 1
Transition of x_vec...

## Iteration of time 1181836800 ##
Making 1-step forecast. Time stamp = 1181836800. Elapsed time = 215.824165
Read time slot 1181836800, size = 1
Transition of x_vec...

## Iteration of time 1181840400 ##
Making 1-step forecast. Time stamp = 1181840400. Elapsed time = 216.852592
Read time slot 1181840400, size = 1
Transition of x_vec...

## Iteration of time 1181844000 ##
Making 1-step forecast. Time stamp = 1181844000. Elapsed time = 217.943925
Read time slot 1181844000, size = 1
Transition of x_vec...

## Iteration of time 1181847600 ##
Making 1-step forecast. Time stamp = 1181847600. Elapsed time = 219.086333
Read time slot 1181847600, size = 1
Transition of x_vec...

## Iteration of time 1181851200 ##
Making 1-step forecast. Time stamp = 1181851200. Elapsed time = 220.122258
Read time slot 1181851200, size = 1
Transition of x_vec...

## Iteration of time 1181854800 ##
Making 1-step forecast. Time stamp = 1181854800. Elapsed time = 221.430673
Read time slot 1181854800, size = 1
Transition of x_vec...

## Iteration of time 1181858400 ##
Making 1-step forecast. Time stamp = 1181858400. Elapsed time = 222.990592
Read time slot 1181858400, size = 1
Transition of x_vec...

## Iteration of time 1181862000 ##
Making 1-step forecast. Time stamp = 1181862000. Elapsed time = 224.560867
Read time slot 1181862000, size = 1
Transition of x_vec...

## Iteration of time 1181865600 ##
Making 1-step forecast. Time stamp = 1181865600. Elapsed time = 226.145323
Read time slot 1181865600, size = 1
Transition of x_vec...

## Iteration of time 1181869200 ##
Making 1-step forecast. Time stamp = 1181869200. Elapsed time = 227.740886
Read time slot 1181869200, size = 1
Transition of x_vec...

## Iteration of time 1181872800 ##
Making 1-step forecast. Time stamp = 1181872800. Elapsed time = 229.613074
Read time slot 1181872800, size = 1
Transition of x_vec...

## Iteration of time 1181876400 ##
Making 1-step forecast. Time stamp = 1181876400. Elapsed time = 231.302948
Read time slot 1181876400, size = 1
Transition of x_vec...

## Iteration of time 1181880000 ##
Making 1-step forecast. Time stamp = 1181880000. Elapsed time = 232.985133
Read time slot 1181880000, size = 1
Transition of x_vec...

## Iteration of time 1181883600 ##
Making 1-step forecast. Time stamp = 1181883600. Elapsed time = 234.849241
Read time slot 1181883600, size = 1
Transition of x_vec...

## Iteration of time 1181887200 ##
Making 1-step forecast. Time stamp = 1181887200. Elapsed time = 236.186868
Read time slot 1181887200, size = 1
Transition of x_vec...

## Iteration of time 1181890800 ##
Making 1-step forecast. Time stamp = 1181890800. Elapsed time = 237.423636
Read time slot 1181890800, size = 1
Transition of x_vec...

## Iteration of time 1181894400 ##
Making 1-step forecast. Time stamp = 1181894400. Elapsed time = 238.689778
Read time slot 1181894400, size = 1
Transition of x_vec...

## Iteration of time 1181898000 ##
Making 1-step forecast. Time stamp = 1181898000. Elapsed time = 240.017415
Read time slot 1181898000, size = 1
Transition of x_vec...

## Iteration of time 1181901600 ##
Making 1-step forecast. Time stamp = 1181901600. Elapsed time = 241.290707
Read time slot 1181901600, size = 1
Transition of x_vec...

## Iteration of time 1181905200 ##
Making 1-step forecast. Time stamp = 1181905200. Elapsed time = 242.407739
Read time slot 1181905200, size = 1
Transition of x_vec...

## Iteration of time 1181908800 ##
Making 1-step forecast. Time stamp = 1181908800. Elapsed time = 243.643017
Read time slot 1181908800, size = 1
Transition of x_vec...

## Iteration of time 1181912400 ##
Making 1-step forecast. Time stamp = 1181912400. Elapsed time = 244.720406
Read time slot 1181912400, size = 1
Transition of x_vec...

## Iteration of time 1181916000 ##
Making 1-step forecast. Time stamp = 1181916000. Elapsed time = 245.816299
Read time slot 1181916000, size = 1
Transition of x_vec...

## Iteration of time 1181919600 ##
Making 1-step forecast. Time stamp = 1181919600. Elapsed time = 246.804112
Read time slot 1181919600, size = 1
Transition of x_vec...

## Iteration of time 1181923200 ##
Making 1-step forecast. Time stamp = 1181923200. Elapsed time = 247.907989
Read time slot 1181923200, size = 1
Transition of x_vec...

## Iteration of time 1181926800 ##
Making 1-step forecast. Time stamp = 1181926800. Elapsed time = 248.971152
Read time slot 1181926800, size = 1
Transition of x_vec...

## Iteration of time 1181930400 ##
Making 1-step forecast. Time stamp = 1181930400. Elapsed time = 249.978724
Read time slot 1181930400, size = 1
Transition of x_vec...

## Iteration of time 1181934000 ##
Making 1-step forecast. Time stamp = 1181934000. Elapsed time = 251.097413
Read time slot 1181934000, size = 1
Transition of x_vec...

## Iteration of time 1181937600 ##
Making 1-step forecast. Time stamp = 1181937600. Elapsed time = 252.064377
Read time slot 1181937600, size = 1
Transition of x_vec...

## Iteration of time 1181941200 ##
Making 1-step forecast. Time stamp = 1181941200. Elapsed time = 253.137471
Read time slot 1181941200, size = 1
Transition of x_vec...

## Iteration of time 1181944800 ##
Making 1-step forecast. Time stamp = 1181944800. Elapsed time = 254.687632
Read time slot 1181944800, size = 1
Transition of x_vec...

## Iteration of time 1181948400 ##
Making 1-step forecast. Time stamp = 1181948400. Elapsed time = 256.170271
Read time slot 1181948400, size = 1
Transition of x_vec...

## Iteration of time 1181952000 ##
Making 1-step forecast. Time stamp = 1181952000. Elapsed time = 257.135464
Read time slot 1181952000, size = 1
Transition of x_vec...

## Iteration of time 1181955600 ##
Making 1-step forecast. Time stamp = 1181955600. Elapsed time = 258.124353
Read time slot 1181955600, size = 1
Transition of x_vec...

## Iteration of time 1181959200 ##
Making 1-step forecast. Time stamp = 1181959200. Elapsed time = 259.124818
Read time slot 1181959200, size = 1
Transition of x_vec...

## Iteration of time 1181962800 ##
Making 1-step forecast. Time stamp = 1181962800. Elapsed time = 260.137993
Read time slot 1181962800, size = 1
Transition of x_vec...

## Iteration of time 1181966400 ##
Making 1-step forecast. Time stamp = 1181966400. Elapsed time = 261.233033
Read time slot 1181966400, size = 1
Transition of x_vec...

## Iteration of time 1181970000 ##
Making 1-step forecast. Time stamp = 1181970000. Elapsed time = 262.321932
Read time slot 1181970000, size = 1
Transition of x_vec...

## Iteration of time 1181973600 ##
Making 1-step forecast. Time stamp = 1181973600. Elapsed time = 263.317459
Read time slot 1181973600, size = 1
Transition of x_vec...

## Iteration of time 1181977200 ##
Making 1-step forecast. Time stamp = 1181977200. Elapsed time = 264.217103
Read time slot 1181977200, size = 1
Transition of x_vec...

## Iteration of time 1181980800 ##
Making 1-step forecast. Time stamp = 1181980800. Elapsed time = 265.175499
Read time slot 1181980800, size = 1
Transition of x_vec...

## Iteration of time 1181984400 ##
Making 1-step forecast. Time stamp = 1181984400. Elapsed time = 266.095723
Read time slot 1181984400, size = 1
Transition of x_vec...

## Iteration of time 1181988000 ##
Making 1-step forecast. Time stamp = 1181988000. Elapsed time = 267.039175
Read time slot 1181988000, size = 1
Transition of x_vec...

## Iteration of time 1181991600 ##
Making 1-step forecast. Time stamp = 1181991600. Elapsed time = 268.200392
Read time slot 1181991600, size = 1
Transition of x_vec...

## Iteration of time 1181995200 ##
Making 1-step forecast. Time stamp = 1181995200. Elapsed time = 269.408259
Read time slot 1181995200, size = 1
Transition of x_vec...

## Iteration of time 1181998800 ##
Making 1-step forecast. Time stamp = 1181998800. Elapsed time = 270.361288
Read time slot 1181998800, size = 1
Transition of x_vec...

## Iteration of time 1182002400 ##
Making 1-step forecast. Time stamp = 1182002400. Elapsed time = 271.333129
Read time slot 1182002400, size = 1
Transition of x_vec...

## Iteration of time 1182006000 ##
Making 1-step forecast. Time stamp = 1182006000. Elapsed time = 272.298537
Read time slot 1182006000, size = 1
Transition of x_vec...

## Iteration of time 1182009600 ##
Making 1-step forecast. Time stamp = 1182009600. Elapsed time = 273.221040
Read time slot 1182009600, size = 1
Transition of x_vec...

## Iteration of time 1182013200 ##
Making 1-step forecast. Time stamp = 1182013200. Elapsed time = 274.110332
Read time slot 1182013200, size = 1
Transition of x_vec...

## Iteration of time 1182016800 ##
Making 1-step forecast. Time stamp = 1182016800. Elapsed time = 275.014808
Read time slot 1182016800, size = 1
Transition of x_vec...

## Iteration of time 1182020400 ##
Making 1-step forecast. Time stamp = 1182020400. Elapsed time = 275.934394
Read time slot 1182020400, size = 1
Transition of x_vec...

## Iteration of time 1182024000 ##
Making 1-step forecast. Time stamp = 1182024000. Elapsed time = 276.860557
Read time slot 1182024000, size = 1
Transition of x_vec...

## Iteration of time 1182027600 ##
Making 1-step forecast. Time stamp = 1182027600. Elapsed time = 277.677027
Read time slot 1182027600, size = 1
Transition of x_vec...

## Iteration of time 1182031200 ##
Making 1-step forecast. Time stamp = 1182031200. Elapsed time = 278.600269
Read time slot 1182031200, size = 1
Transition of x_vec...

## Iteration of time 1182034800 ##
Making 1-step forecast. Time stamp = 1182034800. Elapsed time = 279.672018
Read time slot 1182034800, size = 1
Transition of x_vec...

## Iteration of time 1182038400 ##
Making 1-step forecast. Time stamp = 1182038400. Elapsed time = 280.687567
Read time slot 1182038400, size = 1
Transition of x_vec...

## Iteration of time 1182042000 ##
Making 1-step forecast. Time stamp = 1182042000. Elapsed time = 281.664167
Read time slot 1182042000, size = 1
Transition of x_vec...

## Iteration of time 1182045600 ##
Making 1-step forecast. Time stamp = 1182045600. Elapsed time = 282.711372
Read time slot 1182045600, size = 1
Transition of x_vec...

## Iteration of time 1182049200 ##
Making 1-step forecast. Time stamp = 1182049200. Elapsed time = 283.783803
Read time slot 1182049200, size = 1
Transition of x_vec...

## Iteration of time 1182052800 ##
Making 1-step forecast. Time stamp = 1182052800. Elapsed time = 284.859812
Read time slot 1182052800, size = 1
Transition of x_vec...

## Iteration of time 1182056400 ##
Making 1-step forecast. Time stamp = 1182056400. Elapsed time = 286.006960
Read time slot 1182056400, size = 1
Transition of x_vec...

## Iteration of time 1182060000 ##
Making 1-step forecast. Time stamp = 1182060000. Elapsed time = 286.915881
Read time slot 1182060000, size = 1
Transition of x_vec...

## Iteration of time 1182063600 ##
Making 1-step forecast. Time stamp = 1182063600. Elapsed time = 287.892367
Read time slot 1182063600, size = 1
Transition of x_vec...

## Iteration of time 1182067200 ##
Making 1-step forecast. Time stamp = 1182067200. Elapsed time = 288.869064
Read time slot 1182067200, size = 1
Transition of x_vec...

## Iteration of time 1182070800 ##
Making 1-step forecast. Time stamp = 1182070800. Elapsed time = 290.229757
Read time slot 1182070800, size = 1
Transition of x_vec...

## Iteration of time 1182074400 ##
Making 1-step forecast. Time stamp = 1182074400. Elapsed time = 291.427471
Read time slot 1182074400, size = 1
Transition of x_vec...

## Iteration of time 1182078000 ##
Making 1-step forecast. Time stamp = 1182078000. Elapsed time = 292.454324
Read time slot 1182078000, size = 1
Transition of x_vec...

## Iteration of time 1182081600 ##
Making 1-step forecast. Time stamp = 1182081600. Elapsed time = 293.412589
Read time slot 1182081600, size = 1
Transition of x_vec...

## Iteration of time 1182085200 ##
Making 1-step forecast. Time stamp = 1182085200. Elapsed time = 294.445355
Read time slot 1182085200, size = 1
Transition of x_vec...

## Iteration of time 1182088800 ##
Making 1-step forecast. Time stamp = 1182088800. Elapsed time = 295.385620
Read time slot 1182088800, size = 1
Transition of x_vec...

## Iteration of time 1182092400 ##
Making 1-step forecast. Time stamp = 1182092400. Elapsed time = 296.263735
Read time slot 1182092400, size = 1
Transition of x_vec...

## Iteration of time 1182096000 ##
Making 1-step forecast. Time stamp = 1182096000. Elapsed time = 297.219193
Read time slot 1182096000, size = 1
Transition of x_vec...

## Iteration of time 1182099600 ##
Making 1-step forecast. Time stamp = 1182099600. Elapsed time = 298.103634
Read time slot 1182099600, size = 1
Transition of x_vec...

## Iteration of time 1182103200 ##
Making 1-step forecast. Time stamp = 1182103200. Elapsed time = 298.948020
Read time slot 1182103200, size = 1
Transition of x_vec...

## Iteration of time 1182106800 ##
Making 1-step forecast. Time stamp = 1182106800. Elapsed time = 299.870959
Read time slot 1182106800, size = 1
Transition of x_vec...

## Iteration of time 1182110400 ##
Making 1-step forecast. Time stamp = 1182110400. Elapsed time = 300.748467
Read time slot 1182110400, size = 1
Transition of x_vec...

## Iteration of time 1182114000 ##
Making 1-step forecast. Time stamp = 1182114000. Elapsed time = 301.955106
Read time slot 1182114000, size = 1
Transition of x_vec...

## Iteration of time 1182117600 ##
Making 1-step forecast. Time stamp = 1182117600. Elapsed time = 303.331724
Read time slot 1182117600, size = 1
Transition of x_vec...

## Iteration of time 1182121200 ##
Making 1-step forecast. Time stamp = 1182121200. Elapsed time = 305.347389
Read time slot 1182121200, size = 1
Transition of x_vec...

## Iteration of time 1182124800 ##
Making 1-step forecast. Time stamp = 1182124800. Elapsed time = 307.442406
Read time slot 1182124800, size = 1
Transition of x_vec...

## Iteration of time 1182128400 ##
Making 1-step forecast. Time stamp = 1182128400. Elapsed time = 309.230164
Read time slot 1182128400, size = 1
Transition of x_vec...

## Iteration of time 1182132000 ##
Making 1-step forecast. Time stamp = 1182132000. Elapsed time = 311.129985
Read time slot 1182132000, size = 1
Transition of x_vec...

## Iteration of time 1182135600 ##
Making 1-step forecast. Time stamp = 1182135600. Elapsed time = 313.072205
Read time slot 1182135600, size = 1
Transition of x_vec...

## Iteration of time 1182139200 ##
Making 1-step forecast. Time stamp = 1182139200. Elapsed time = 315.112152
Read time slot 1182139200, size = 1
Transition of x_vec...

## Iteration of time 1182142800 ##
Making 1-step forecast. Time stamp = 1182142800. Elapsed time = 316.987566
Read time slot 1182142800, size = 1
Transition of x_vec...

## Iteration of time 1182146400 ##
Making 1-step forecast. Time stamp = 1182146400. Elapsed time = 318.441112
Read time slot 1182146400, size = 1
Transition of x_vec...

## Iteration of time 1182150000 ##
Making 1-step forecast. Time stamp = 1182150000. Elapsed time = 319.941007
Read time slot 1182150000, size = 1
Transition of x_vec...

## Iteration of time 1182153600 ##
Making 1-step forecast. Time stamp = 1182153600. Elapsed time = 321.543843
Read time slot 1182153600, size = 1
Transition of x_vec...

## Iteration of time 1182157200 ##
Making 1-step forecast. Time stamp = 1182157200. Elapsed time = 323.248148
Read time slot 1182157200, size = 1
Transition of x_vec...

## Iteration of time 1182160800 ##
Making 1-step forecast. Time stamp = 1182160800. Elapsed time = 324.949557
Read time slot 1182160800, size = 1
Transition of x_vec...

## Iteration of time 1182164400 ##
Making 1-step forecast. Time stamp = 1182164400. Elapsed time = 326.449979
Read time slot 1182164400, size = 1
Transition of x_vec...

## Iteration of time 1182168000 ##
Making 1-step forecast. Time stamp = 1182168000. Elapsed time = 327.763612
Read time slot 1182168000, size = 1
Transition of x_vec...

## Iteration of time 1182171600 ##
Making 1-step forecast. Time stamp = 1182171600. Elapsed time = 329.086090
Read time slot 1182171600, size = 1
Transition of x_vec...

## Iteration of time 1182175200 ##
Making 1-step forecast. Time stamp = 1182175200. Elapsed time = 330.125948
Read time slot 1182175200, size = 1
Transition of x_vec...

## Iteration of time 1182178800 ##
Making 1-step forecast. Time stamp = 1182178800. Elapsed time = 331.265973
Read time slot 1182178800, size = 1
Transition of x_vec...

## Iteration of time 1182182400 ##
Making 1-step forecast. Time stamp = 1182182400. Elapsed time = 332.323098
Read time slot 1182182400, size = 1
Transition of x_vec...

## Iteration of time 1182186000 ##
Making 1-step forecast. Time stamp = 1182186000. Elapsed time = 333.337820
Read time slot 1182186000, size = 1
Transition of x_vec...

## Iteration of time 1182189600 ##
Making 1-step forecast. Time stamp = 1182189600. Elapsed time = 334.419692
Read time slot 1182189600, size = 1
Transition of x_vec...

## Iteration of time 1182193200 ##
Making 1-step forecast. Time stamp = 1182193200. Elapsed time = 335.457977
Read time slot 1182193200, size = 1
Transition of x_vec...

## Iteration of time 1182196800 ##
Making 1-step forecast. Time stamp = 1182196800. Elapsed time = 336.568339
Read time slot 1182196800, size = 1
Transition of x_vec...

## Iteration of time 1182200400 ##
Making 1-step forecast. Time stamp = 1182200400. Elapsed time = 337.843072
Read time slot 1182200400, size = 1
Transition of x_vec...

## Iteration of time 1182204000 ##
Making 1-step forecast. Time stamp = 1182204000. Elapsed time = 339.474487
Read time slot 1182204000, size = 1
Transition of x_vec...

## Iteration of time 1182207600 ##
Making 1-step forecast. Time stamp = 1182207600. Elapsed time = 341.034381
Read time slot 1182207600, size = 1
Transition of x_vec...

## Iteration of time 1182211200 ##
Making 1-step forecast. Time stamp = 1182211200. Elapsed time = 342.672205
Read time slot 1182211200, size = 1
Transition of x_vec...

## Iteration of time 1182214800 ##
Making 1-step forecast. Time stamp = 1182214800. Elapsed time = 344.846814
Read time slot 1182214800, size = 1
Transition of x_vec...

## Iteration of time 1182218400 ##
Making 1-step forecast. Time stamp = 1182218400. Elapsed time = 347.061966
Read time slot 1182218400, size = 1
Transition of x_vec...

## Iteration of time 1182222000 ##
Making 1-step forecast. Time stamp = 1182222000. Elapsed time = 348.957697
Read time slot 1182222000, size = 1
Transition of x_vec...

## Iteration of time 1182225600 ##
Making 1-step forecast. Time stamp = 1182225600. Elapsed time = 350.922285
Read time slot 1182225600, size = 1
Transition of x_vec...

## Iteration of time 1182229200 ##
Making 1-step forecast. Time stamp = 1182229200. Elapsed time = 352.849960
Read time slot 1182229200, size = 1
Transition of x_vec...

## Iteration of time 1182232800 ##
Making 1-step forecast. Time stamp = 1182232800. Elapsed time = 354.822577
Read time slot 1182232800, size = 1
Transition of x_vec...

## Iteration of time 1182236400 ##
Making 1-step forecast. Time stamp = 1182236400. Elapsed time = 356.688251
Read time slot 1182236400, size = 1
Transition of x_vec...

## Iteration of time 1182240000 ##
Making 1-step forecast. Time stamp = 1182240000. Elapsed time = 358.360780
Read time slot 1182240000, size = 1
Transition of x_vec...

## Iteration of time 1182243600 ##
Making 1-step forecast. Time stamp = 1182243600. Elapsed time = 359.865586
Read time slot 1182243600, size = 1
Transition of x_vec...

## Iteration of time 1182247200 ##
Making 1-step forecast. Time stamp = 1182247200. Elapsed time = 361.432563
Read time slot 1182247200, size = 1
Transition of x_vec...

## Iteration of time 1182250800 ##
Making 1-step forecast. Time stamp = 1182250800. Elapsed time = 363.069233
Read time slot 1182250800, size = 1
Transition of x_vec...

## Iteration of time 1182254400 ##
Making 1-step forecast. Time stamp = 1182254400. Elapsed time = 364.613930
Read time slot 1182254400, size = 1
Transition of x_vec...

## Iteration of time 1182258000 ##
Making 1-step forecast. Time stamp = 1182258000. Elapsed time = 365.884949
Read time slot 1182258000, size = 1
Transition of x_vec...

## Iteration of time 1182261600 ##
Making 1-step forecast. Time stamp = 1182261600. Elapsed time = 366.989110
Read time slot 1182261600, size = 1
Transition of x_vec...

## Iteration of time 1182265200 ##
Making 1-step forecast. Time stamp = 1182265200. Elapsed time = 368.097902
Read time slot 1182265200, size = 1
Transition of x_vec...

## Iteration of time 1182268800 ##
Making 1-step forecast. Time stamp = 1182268800. Elapsed time = 369.221453
Read time slot 1182268800, size = 1
Transition of x_vec...

## Iteration of time 1182272400 ##
Making 1-step forecast. Time stamp = 1182272400. Elapsed time = 370.299091
Read time slot 1182272400, size = 1
Transition of x_vec...

## Iteration of time 1182276000 ##
Making 1-step forecast. Time stamp = 1182276000. Elapsed time = 371.218930
Read time slot 1182276000, size = 1
Transition of x_vec...

## Iteration of time 1182279600 ##
Making 1-step forecast. Time stamp = 1182279600. Elapsed time = 372.163400
Read time slot 1182279600, size = 1
Transition of x_vec...

## Iteration of time 1182283200 ##
Making 1-step forecast. Time stamp = 1182283200. Elapsed time = 373.153339
Read time slot 1182283200, size = 1
Transition of x_vec...

## Iteration of time 1182286800 ##
Making 1-step forecast. Time stamp = 1182286800. Elapsed time = 374.603799
Read time slot 1182286800, size = 1
Transition of x_vec...

## Iteration of time 1182290400 ##
Making 1-step forecast. Time stamp = 1182290400. Elapsed time = 376.011132
Read time slot 1182290400, size = 1
Transition of x_vec...

## Iteration of time 1182294000 ##
Making 1-step forecast. Time stamp = 1182294000. Elapsed time = 377.627281
Read time slot 1182294000, size = 1
Transition of x_vec...

## Iteration of time 1182297600 ##
Making 1-step forecast. Time stamp = 1182297600. Elapsed time = 379.303536
Read time slot 1182297600, size = 1
Transition of x_vec...

## Iteration of time 1182301200 ##
Making 1-step forecast. Time stamp = 1182301200. Elapsed time = 381.115428
Read time slot 1182301200, size = 1
Transition of x_vec...

## Iteration of time 1182304800 ##
Making 1-step forecast. Time stamp = 1182304800. Elapsed time = 383.157382
Read time slot 1182304800, size = 1
Transition of x_vec...

## Iteration of time 1182308400 ##
Making 1-step forecast. Time stamp = 1182308400. Elapsed time = 385.167944
Read time slot 1182308400, size = 1
Transition of x_vec...

## Iteration of time 1182312000 ##
Making 1-step forecast. Time stamp = 1182312000. Elapsed time = 387.154101
Read time slot 1182312000, size = 1
Transition of x_vec...

## Iteration of time 1182315600 ##
Making 1-step forecast. Time stamp = 1182315600. Elapsed time = 388.950778
Read time slot 1182315600, size = 1
Transition of x_vec...

## Iteration of time 1182319200 ##
Making 1-step forecast. Time stamp = 1182319200. Elapsed time = 390.695984
Read time slot 1182319200, size = 1
Transition of x_vec...

## Iteration of time 1182322800 ##
Making 1-step forecast. Time stamp = 1182322800. Elapsed time = 392.244730
Read time slot 1182322800, size = 1
Transition of x_vec...

## Iteration of time 1182326400 ##
Making 1-step forecast. Time stamp = 1182326400. Elapsed time = 393.657457
Read time slot 1182326400, size = 1
Transition of x_vec...

## Iteration of time 1182330000 ##
Making 1-step forecast. Time stamp = 1182330000. Elapsed time = 395.146112
Read time slot 1182330000, size = 1
Transition of x_vec...

## Iteration of time 1182333600 ##
Making 1-step forecast. Time stamp = 1182333600. Elapsed time = 396.685512
Read time slot 1182333600, size = 1
Transition of x_vec...

## Iteration of time 1182337200 ##
Making 1-step forecast. Time stamp = 1182337200. Elapsed time = 398.099068
Read time slot 1182337200, size = 1
Transition of x_vec...

## Iteration of time 1182340800 ##
Making 1-step forecast. Time stamp = 1182340800. Elapsed time = 399.584140
Read time slot 1182340800, size = 1
Transition of x_vec...

## Iteration of time 1182344400 ##
Making 1-step forecast. Time stamp = 1182344400. Elapsed time = 400.891292
Read time slot 1182344400, size = 1
Transition of x_vec...

## Iteration of time 1182348000 ##
Making 1-step forecast. Time stamp = 1182348000. Elapsed time = 402.178491
Read time slot 1182348000, size = 1
Transition of x_vec...

## Iteration of time 1182351600 ##
Making 1-step forecast. Time stamp = 1182351600. Elapsed time = 403.319389
Read time slot 1182351600, size = 1
Transition of x_vec...

## Iteration of time 1182355200 ##
Making 1-step forecast. Time stamp = 1182355200. Elapsed time = 404.485916
Read time slot 1182355200, size = 1
Transition of x_vec...

## Iteration of time 1182358800 ##
Making 1-step forecast. Time stamp = 1182358800. Elapsed time = 405.686179
Read time slot 1182358800, size = 1
Transition of x_vec...

## Iteration of time 1182362400 ##
Making 1-step forecast. Time stamp = 1182362400. Elapsed time = 406.894429
Read time slot 1182362400, size = 1
Transition of x_vec...

## Iteration of time 1182366000 ##
Making 1-step forecast. Time stamp = 1182366000. Elapsed time = 407.933387
Read time slot 1182366000, size = 1
Transition of x_vec...

## Iteration of time 1182369600 ##
Making 1-step forecast. Time stamp = 1182369600. Elapsed time = 408.870696
Read time slot 1182369600, size = 1
Transition of x_vec...

## Iteration of time 1182373200 ##
Making 1-step forecast. Time stamp = 1182373200. Elapsed time = 410.187333
Read time slot 1182373200, size = 1
Transition of x_vec...

## Iteration of time 1182376800 ##
Making 1-step forecast. Time stamp = 1182376800. Elapsed time = 411.602396
Read time slot 1182376800, size = 1
Transition of x_vec...

## Iteration of time 1182380400 ##
Making 1-step forecast. Time stamp = 1182380400. Elapsed time = 413.127819
Read time slot 1182380400, size = 1
Transition of x_vec...

## Iteration of time 1182384000 ##
Making 1-step forecast. Time stamp = 1182384000. Elapsed time = 414.655138
Read time slot 1182384000, size = 1
Transition of x_vec...

## Iteration of time 1182387600 ##
Making 1-step forecast. Time stamp = 1182387600. Elapsed time = 416.153273
Read time slot 1182387600, size = 1
Transition of x_vec...

## Iteration of time 1182391200 ##
Making 1-step forecast. Time stamp = 1182391200. Elapsed time = 417.726920
Read time slot 1182391200, size = 1
Transition of x_vec...

## Iteration of time 1182394800 ##
Making 1-step forecast. Time stamp = 1182394800. Elapsed time = 419.306363
Read time slot 1182394800, size = 1
Transition of x_vec...

## Iteration of time 1182398400 ##
Making 1-step forecast. Time stamp = 1182398400. Elapsed time = 420.879361
Read time slot 1182398400, size = 1
Transition of x_vec...

## Iteration of time 1182402000 ##
Making 1-step forecast. Time stamp = 1182402000. Elapsed time = 422.411016
Read time slot 1182402000, size = 1
Transition of x_vec...

## Iteration of time 1182405600 ##
Making 1-step forecast. Time stamp = 1182405600. Elapsed time = 423.652055
Read time slot 1182405600, size = 1
Transition of x_vec...

## Iteration of time 1182409200 ##
Making 1-step forecast. Time stamp = 1182409200. Elapsed time = 424.837574
Read time slot 1182409200, size = 1
Transition of x_vec...

## Iteration of time 1182412800 ##
Making 1-step forecast. Time stamp = 1182412800. Elapsed time = 426.148654
Read time slot 1182412800, size = 1
Transition of x_vec...

## Iteration of time 1182416400 ##
Making 1-step forecast. Time stamp = 1182416400. Elapsed time = 427.315754
Read time slot 1182416400, size = 1
Transition of x_vec...

## Iteration of time 1182420000 ##
Making 1-step forecast. Time stamp = 1182420000. Elapsed time = 428.432556
Read time slot 1182420000, size = 1
Transition of x_vec...

## Iteration of time 1182423600 ##
Making 1-step forecast. Time stamp = 1182423600. Elapsed time = 429.624473
Read time slot 1182423600, size = 1
Transition of x_vec...

## Iteration of time 1182427200 ##
Making 1-step forecast. Time stamp = 1182427200. Elapsed time = 430.725557
Read time slot 1182427200, size = 1
Transition of x_vec...

## Iteration of time 1182430800 ##
Making 1-step forecast. Time stamp = 1182430800. Elapsed time = 431.843574
Read time slot 1182430800, size = 1
Transition of x_vec...

## Iteration of time 1182434400 ##
Making 1-step forecast. Time stamp = 1182434400. Elapsed time = 432.948299
Read time slot 1182434400, size = 1
Transition of x_vec...

## Iteration of time 1182438000 ##
Making 1-step forecast. Time stamp = 1182438000. Elapsed time = 434.015262
Read time slot 1182438000, size = 1
Transition of x_vec...

## Iteration of time 1182441600 ##
Making 1-step forecast. Time stamp = 1182441600. Elapsed time = 435.115210
Read time slot 1182441600, size = 1
Transition of x_vec...

## Iteration of time 1182445200 ##
Making 1-step forecast. Time stamp = 1182445200. Elapsed time = 436.116669
Read time slot 1182445200, size = 1
Transition of x_vec...

## Iteration of time 1182448800 ##
Making 1-step forecast. Time stamp = 1182448800. Elapsed time = 437.203304
Read time slot 1182448800, size = 1
Transition of x_vec...

## Iteration of time 1182452400 ##
Making 1-step forecast. Time stamp = 1182452400. Elapsed time = 438.186185
Read time slot 1182452400, size = 1
Transition of x_vec...

## Iteration of time 1182456000 ##
Making 1-step forecast. Time stamp = 1182456000. Elapsed time = 439.282804
Read time slot 1182456000, size = 1
Transition of x_vec...

## Iteration of time 1182459600 ##
Making 1-step forecast. Time stamp = 1182459600. Elapsed time = 440.628387
Read time slot 1182459600, size = 1
Transition of x_vec...

## Iteration of time 1182463200 ##
Making 1-step forecast. Time stamp = 1182463200. Elapsed time = 442.287019
Read time slot 1182463200, size = 1
Transition of x_vec...

## Iteration of time 1182466800 ##
Making 1-step forecast. Time stamp = 1182466800. Elapsed time = 444.148350
Read time slot 1182466800, size = 1
Transition of x_vec...
